<?xml version="1.0" encoding="UTF-8"?>
<robot generator="Robot 3.1.1 (Python 3.7.1 on darwin)" generated="20190611 16:14:50.348" rpa="false">
<suite id="s1" name="Network Checkout" source="/Users/liutao/code-pool/junos_test_automation/test_cases/network_checkout.robot">
<kw name="Open Connection And Log In" library="resources" type="setup">
<kw name="Open Connection" library="SSHLibrary">
<doc>Opens a new SSH connection to the given ``host`` and ``port``.</doc>
<arguments>
<arg>${HOST}</arg>
</arguments>
<status status="PASS" starttime="20190611 16:14:50.425" endtime="20190611 16:14:50.425"></status>
</kw>
<kw name="Login" library="SSHLibrary">
<doc>Logs into the SSH server with the given ``username`` and ``password``.</doc>
<arguments>
<arg>${USERNAME}</arg>
<arg>${PASSWORD}</arg>
</arguments>
<msg timestamp="20190611 16:14:50.425" level="INFO">Logging into '172.16.99.34:22' as 'liutao'.</msg>
<msg timestamp="20190611 16:14:51.731" level="INFO">Read output: --- JUNOS 17.4R2-S4.1 Kernel 64-bit  JNPR-11.0-20190315.fccc102_buil
{master}
liutao@LAB-MX480-3D-01-re0&gt;</msg>
<status status="PASS" starttime="20190611 16:14:50.425" endtime="20190611 16:14:51.731"></status>
</kw>
<status status="PASS" starttime="20190611 16:14:50.425" endtime="20190611 16:14:51.731"></status>
</kw>
<test id="s1-t1" name="Initial Tests">
<kw name="BGP Health Check" library="resources">
<doc>Check BGP State</doc>
<kw name="Execute Command" library="SSHLibrary">
<doc>Executes ``command`` on the remote machine and returns its outputs.</doc>
<arguments>
<arg>show bgp neighbor</arg>
</arguments>
<assign>
<var>${output}</var>
</assign>
<msg timestamp="20190611 16:14:51.733" level="INFO">Executing command 'show bgp neighbor'.</msg>
<msg timestamp="20190611 16:14:52.178" level="INFO">Command exited with return code 0.</msg>
<msg timestamp="20190611 16:14:52.179" level="INFO">${output} = Peer: 101.234.3.101 AS 9255    Local: 101.234.3.1 AS 9255 
  Group: RR-PEER               Routing-Instance: master
  Forwarding routing-instance: master  
  Type: Internal    State: Active         Fla...</msg>
<status status="PASS" starttime="20190611 16:14:51.733" endtime="20190611 16:14:52.179"></status>
</kw>
<kw name="Should Contain" library="BuiltIn">
<doc>Fails if ``container`` does not contain ``item`` one or more times.</doc>
<arguments>
<arg>${output}</arg>
<arg>State: Established</arg>
</arguments>
<status status="PASS" starttime="20190611 16:14:52.180" endtime="20190611 16:14:52.180"></status>
</kw>
<status status="PASS" starttime="20190611 16:14:51.732" endtime="20190611 16:14:52.180"></status>
</kw>
<status status="PASS" starttime="20190611 16:14:51.731" endtime="20190611 16:14:52.180" critical="yes"></status>
</test>
<test id="s1-t2" name="NAT Service Tests">
<kw name="NAT Public IP" library="resources">
<doc>Check If Tranlated Public IP address is in the VRF route-table.</doc>
<kw name="Execute Command" library="SSHLibrary">
<doc>Executes ``command`` on the remote machine and returns its outputs.</doc>
<arguments>
<arg>show route table l3vpn-service-39.inet.0</arg>
</arguments>
<assign>
<var>${output}</var>
</assign>
<msg timestamp="20190611 16:14:52.181" level="INFO">Executing command 'show route table l3vpn-service-39.inet.0'.</msg>
<msg timestamp="20190611 16:14:52.436" level="INFO">Command exited with return code 0.</msg>
<msg timestamp="20190611 16:14:52.436" level="INFO">${output} = 
l3vpn-service-39.inet.0: 5 destinations, 5 routes (5 active, 0 holddown, 0 hidden)
+ = Active Route, - = Last Active, * = Both

101.234.59.59/32   *[Static/1] 00:33:22
                      Service t...</msg>
<status status="PASS" starttime="20190611 16:14:52.181" endtime="20190611 16:14:52.437"></status>
</kw>
<kw name="Should Contain" library="BuiltIn">
<doc>Fails if ``container`` does not contain ``item`` one or more times.</doc>
<arguments>
<arg>${output}</arg>
<arg>101.234.59.59/32</arg>
<arg>*[Static/1]</arg>
</arguments>
<status status="PASS" starttime="20190611 16:14:52.437" endtime="20190611 16:14:52.437"></status>
</kw>
<status status="PASS" starttime="20190611 16:14:52.181" endtime="20190611 16:14:52.437"></status>
</kw>
<kw name="NAT Ping from CE" library="resources">
<doc>Ping from CE side to Remote CE IP address.</doc>
<kw name="Execute Command" library="SSHLibrary">
<doc>Executes ``command`` on the remote machine and returns its outputs.</doc>
<arguments>
<arg>ping 172.162.39.2 logical-system CE-l3vpn-loopback count 2</arg>
</arguments>
<assign>
<var>${output}</var>
</assign>
<msg timestamp="20190611 16:14:52.438" level="INFO">Executing command 'ping 172.162.39.2 logical-system CE-l3vpn-loopback count 2'.</msg>
<msg timestamp="20190611 16:14:53.813" level="INFO">Command exited with return code 0.</msg>
<msg timestamp="20190611 16:14:53.813" level="INFO">${output} = PING 172.162.39.2 (172.162.39.2): 56 data bytes
64 bytes from 172.162.39.2: icmp_seq=0 ttl=62 time=2.910 ms
64 bytes from 172.162.39.2: icmp_seq=1 ttl=62 time=1.591 ms

--- 172.162.39.2 ping statistic...</msg>
<status status="PASS" starttime="20190611 16:14:52.438" endtime="20190611 16:14:53.813"></status>
</kw>
<kw name="Should Contain" library="BuiltIn">
<doc>Fails if ``container`` does not contain ``item`` one or more times.</doc>
<arguments>
<arg>${output}</arg>
<arg>64 bytes from 172.162.39.2</arg>
</arguments>
<status status="PASS" starttime="20190611 16:14:53.813" endtime="20190611 16:14:53.814"></status>
</kw>
<status status="PASS" starttime="20190611 16:14:52.438" endtime="20190611 16:14:53.814"></status>
</kw>
<kw name="NAT Session Validation" library="resources">
<doc>Validating NAT session of ICMP sent From Local CE.</doc>
<kw name="Execute Command" library="SSHLibrary">
<doc>Executes ``command`` on the remote machine and returns its outputs.</doc>
<arguments>
<arg>show services sessions service-set MS-OFFICE-SERVICE-SET-59 extensive</arg>
</arguments>
<assign>
<var>${output}</var>
</assign>
<msg timestamp="20190611 16:14:53.815" level="INFO">Executing command 'show services sessions service-set MS-OFFICE-SERVICE-SET-59 extensive'.</msg>
<msg timestamp="20190611 16:14:54.223" level="INFO">Command exited with return code 0.</msg>
<msg timestamp="20190611 16:14:54.223" level="INFO">${output} = ms-3/2/0
Service Set: MS-OFFICE-SERVICE-SET-59, Session: 335544324, ALG: icmp, Flags: 0x80000, IP Action: no, Offload: no, Asymmetric: no
NAT PLugin Data:
  NAT Action:   Translation Type - NAPT-44
  ...</msg>
<status status="PASS" starttime="20190611 16:14:53.815" endtime="20190611 16:14:54.223"></status>
</kw>
<kw name="Should Contain" library="BuiltIn">
<doc>Fails if ``container`` does not contain ``item`` one or more times.</doc>
<arguments>
<arg>${output}</arg>
<arg>ICMP</arg>
<arg>172.162.39.2</arg>
<arg>-&gt;</arg>
<arg>101.234.59.59</arg>
</arguments>
<status status="PASS" starttime="20190611 16:14:54.223" endtime="20190611 16:14:54.224"></status>
</kw>
<status status="PASS" starttime="20190611 16:14:53.814" endtime="20190611 16:14:54.224"></status>
</kw>
<status status="PASS" starttime="20190611 16:14:52.180" endtime="20190611 16:14:54.224" critical="yes"></status>
</test>
<kw name="Close All Connections" library="SSHLibrary" type="teardown">
<doc>Closes all open connections.</doc>
<status status="PASS" starttime="20190611 16:14:54.225" endtime="20190611 16:14:54.226"></status>
</kw>
<doc>Start Service Validation in SQL lab.</doc>
<status status="PASS" starttime="20190611 16:14:50.349" endtime="20190611 16:14:54.226"></status>
</suite>
<statistics>
<total>
<stat pass="2" fail="0">Critical Tests</stat>
<stat pass="2" fail="0">All Tests</stat>
</total>
<tag>
</tag>
<suite>
<stat pass="2" fail="0" id="s1" name="Network Checkout">Network Checkout</stat>
</suite>
</statistics>
<errors>
</errors>
</robot>
